<?xml version="1.0" encoding="UTF-8"?>
<testsuite xmlns:xsi="http://www.w3.org/2001/XMLSchema-instance" xsi:noNamespaceSchemaLocation="https://maven.apache.org/surefire/maven-surefire-plugin/xsd/surefire-test-report-3.0.xsd" version="3.0" name="testRunner.TestRunner" time="67.574" tests="3" errors="0" skipped="0" failures="0">
  <properties>
[...]
</properties>
  <testcase name="View upcoming Honda bikes with price less than 4 Lac" classname="Display upcoming Honda bikes with price less than 4 Lac with their name and  expected launch date in India" time="19.153">
    <system-out><![CDATA[16:28:41.114 [main] INFO  factory.BaseClass - started running tests

Scenario: View upcoming Honda bikes with price less than 4 Lac                                                            # Features/UpcomingBikes.feature:3
16:28:41.893 [main] INFO  factory.BaseClass - ***Starting TC_1_UpcomingBikes
  Given User is on the homepage                                                                                           # stepDefinition.UpcomingBikesStepDefinition.user_is_on_the_homepage()

    Embedding View upcoming Honda bikes with price less than 4 Lac [image/png 295904 bytes]

16:28:42.546 [main] INFO  factory.BaseClass - *********verifying Home Title ***********
16:28:42.718 [main] INFO  factory.BaseClass - got the page title
  Then User verifying home page title                                                                                     # stepDefinition.UpcomingBikesStepDefinition.user_verifying_home_page_title()

    Embedding View upcoming Honda bikes with price less than 4 Lac [image/png 294111 bytes]

16:28:43.439 [main] INFO  factory.BaseClass - Move to New Bikes Dropdown
  When User move to  New Bikes dropdown                                                                                   # stepDefinition.UpcomingBikesStepDefinition.user_move_to_new_bikes_dropdown()

    Embedding View upcoming Honda bikes with price less than 4 Lac [image/png 363536 bytes]

16:28:47.017 [main] INFO  factory.BaseClass - Click on Upcoming Bikes
  And User selects Upcoming Bikes                                                                                         # stepDefinition.UpcomingBikesStepDefinition.user_selects_upcoming_bikes()

    Embedding View upcoming Honda bikes with price less than 4 Lac [image/png 280757 bytes]

16:28:47.740 [main] INFO  factory.BaseClass - ***********verifing Upcoming Bike Page url ***********
16:28:47.762 [main] INFO  factory.BaseClass - Verified Upcoming Bike Page url
  Then Verifing Upcoming Bike Page url                                                                                    # stepDefinition.UpcomingBikesStepDefinition.verifing_upcoming_bike_page_url()

    Embedding View upcoming Honda bikes with price less than 4 Lac [image/png 298122 bytes]

16:28:49.208 [main] INFO  factory.BaseClass - From manufacturers dropdown select 'Honda'
  When User selects Honda from the manufacturers dropdown                                                                 # stepDefinition.UpcomingBikesStepDefinition.user_selects_honda_from_the_manufacturers_dropdown()

    Embedding View upcoming Honda bikes with price less than 4 Lac [image/png 169935 bytes]

16:28:49.857 [main] INFO  factory.BaseClass - ***********verify Honda title ***********
16:28:49.939 [main] INFO  factory.BaseClass - Verified Honda page title
  Then verify Honda title                                                                                                 # stepDefinition.UpcomingBikesStepDefinition.verify_honda_title()

    Embedding View upcoming Honda bikes with price less than 4 Lac [image/png 157929 bytes]

16:28:51.017 [main] INFO  factory.BaseClass - Click on ViewMore
  When User clicks on View More Bikes                                                                                     # stepDefinition.UpcomingBikesStepDefinition.user_clicks_on_view_more_bikes()

    Embedding View upcoming Honda bikes with price less than 4 Lac [image/png 370126 bytes]

Honda CRF300L:Rs. 3.30 Lakh Expected Launch Date : 30 Mar 2024
Honda Activa Electric:Rs. 1.10 Lakh Expected Launch : Mar 2024
Honda Forza 350:Rs. 3.70 Lakh Expected Launch : Mar 2024
Honda CB350 Cruiser:Rs. 2.30 Lakh Expected Launch : Mar 2024
Honda Activa 7G:Rs. 79,000 Expected Launch : Apr 2024
Honda PCX160:Rs. 1.20 Lakh Expected Launch : Jun 2024
Honda CBR150R:Rs. 1.70 Lakh Expected Launch : Unrevealed
Honda Rebel 300:Rs. 2.30 Lakh Expected Launch : Unrevealed
16:28:57.449 [main] INFO  factory.BaseClass - Get bike models, prices, and expected launch date for manufacturer 'Honda' & Bike price less than 4Lac
Excel file has been generated successfully!
16:29:00.010 [main] INFO  factory.BaseClass - ***Finished TC_1_UpcomingBikes
  Then User filter the bikes by price less than four lac and also displaying their name and expected launch date in India # stepDefinition.UpcomingBikesStepDefinition.user_filter_the_bikes_by_price_less_than_four_lac_and_also_displaying_their_name_and_expected_launch_date_in_india()

    Embedding View upcoming Honda bikes with price less than 4 Lac [image/png 187915 bytes]

]]></system-out>
  </testcase>
  <testcase name="View Popular Models of Used Cars in Chennai" classname="View Used Cars in Chennai" time="9.775">
    <system-out><![CDATA[
Scenario: View Popular Models of Used Cars in Chennai                        # Features/UsedCars.feature:3
16:29:00.517 [main] INFO  factory.BaseClass - ***Starting TC_2_UsedCars****
16:29:01.272 [main] INFO  factory.BaseClass - Checking visibility of used cars dropdown
  Given User checking visibility of used cars dropdown                       # stepDefinition.UsedCarsStepDefinition.user_checking_visibility_of_used_cars_dropdown()

    Embedding View Popular Models of Used Cars in Chennai [image/png 337789 bytes]

16:29:01.727 [main] INFO  factory.BaseClass - ******Starting TC_2_UsedCars****
16:29:01.906 [main] INFO  factory.BaseClass - Move to used cars dropdown
  When User move to the Used Cars Dropdown                                   # stepDefinition.UsedCarsStepDefinition.user_move_to_the_used_cars_dropdown()

    Embedding View Popular Models of Used Cars in Chennai [image/png 334936 bytes]

16:29:08.501 [main] INFO  factory.BaseClass - Click on Chennai city
  And User select Chennai from the dropdown                                  # stepDefinition.UsedCarsStepDefinition.user_select_chennai_from_the_dropdown()

    Embedding View Popular Models of Used Cars in Chennai [image/png 304860 bytes]

Following is the list of Popular models:
Maruti 800
Maruti Swift Dzire
Maruti Swift
Hyundai I10
Hyundai Santro Xing
Honda City
Toyota Innova
Toyota Fortuner
Mahindra XUV500
16:29:09.707 [main] INFO  factory.BaseClass - Extracting all the popular models
16:29:09.708 [main] INFO  factory.BaseClass - ***Finished TC_2_UsedCars****
  Then User should extract the list of popular models and display the models # stepDefinition.UsedCarsStepDefinition.user_should_extract_the_list_of_popular_models_and_display_the_models()

    Embedding View Popular Models of Used Cars in Chennai [image/png 445645 bytes]

]]></system-out>
  </testcase>
  <testcase name="Sign in with Google" classname="Google Sign-in Functionality" time="11.051">
    <system-out><![CDATA[
Scenario: Sign in with Google                               # Features/UserGoogleSignin.feature:3
16:29:10.220 [main] INFO  factory.BaseClass - ***Starting TC_3_GoogleSignin***
16:29:14.865 [main] INFO  factory.BaseClass - Click on Forum
  Given User navigates to the forum                         # stepDefinition.GoogleSigninStepDefinition.user_navigates_to_the_forum()

    Embedding Sign in with Google [image/png 169845 bytes]

16:29:15.227 [main] INFO  factory.BaseClass - ***********verifing Forum Page Title ***********
16:29:15.241 [main] INFO  factory.BaseClass - Verified Forum Page title
  Then User verify Forum Page Title                         # stepDefinition.GoogleSigninStepDefinition.user_verify_forum_page_title()

    Embedding Sign in with Google [image/png 169845 bytes]

16:29:16.440 [main] INFO  factory.BaseClass - Click on signup
  When User clicks on the login/sign-up button              # stepDefinition.GoogleSigninStepDefinition.user_clicks_on_the_login_sign_up_button()

    Embedding Sign in with Google [image/png 161660 bytes]

16:29:17.196 [main] INFO  factory.BaseClass - click on Google
  And User clicks on the Google                             # stepDefinition.GoogleSigninStepDefinition.user_clicks_on_the_google()

    Embedding Sign in with Google [image/png 145429 bytes]

16:29:19.734 [main] INFO  factory.BaseClass - Signin with wrong Email account deatils
  And User enters invalid email address                     # stepDefinition.GoogleSigninStepDefinition.user_enters_invalid_email_address()

    Embedding Sign in with Google [image/png 57135 bytes]

16:29:20.709 [main] INFO  factory.BaseClass - Click on Next button
  And User clicks on Next button                            # stepDefinition.GoogleSigninStepDefinition.user_clicks_on_next_button()

    Embedding Sign in with Google [image/png 56043 bytes]

Enter a valid email or phone number
16:29:21.030 [main] INFO  factory.BaseClass - Capture the error message
16:29:21.030 [main] INFO  factory.BaseClass - ***Finished TC_3_GoogleSignin***
  Then User should see an error message about invalid email # stepDefinition.GoogleSigninStepDefinition.user_should_see_an_error_message_about_invalid_email()

    Embedding Sign in with Google [image/png 58773 bytes]

]]></system-out>
  </testcase>
</testsuite>